<?xml version="1.0" encoding="UTF-8"?>
<testng-results skipped="0" failed="1" ignored="0" total="1" passed="0">
  <reporter-output>
  </reporter-output>
  <suite name="Default suite" duration-ms="62311" started-at="2019-08-30T05:16:59 PDT" finished-at="2019-08-30T05:18:01 PDT">
    <groups>
    </groups>
    <test name="Default test" duration-ms="62311" started-at="2019-08-30T05:16:59 PDT" finished-at="2019-08-30T05:18:01 PDT">
      <class name="tests.SwipeDemo">
        <test-method status="PASS" signature="reportSetup()[pri:0, instance:tests.SwipeDemo@77ec78b9]" name="reportSetup" is-config="true" duration-ms="202" started-at="2019-08-30T05:16:59 PDT" finished-at="2019-08-30T05:16:59 PDT">
          <reporter-output>
          </reporter-output>
        </test-method> <!-- reportSetup -->
        <test-method status="PASS" signature="killAllNodes()[pri:0, instance:tests.SwipeDemo@77ec78b9]" name="killAllNodes" is-config="true" duration-ms="40698" started-at="2019-08-30T05:16:59 PDT" finished-at="2019-08-30T05:17:40 PDT">
          <reporter-output>
          </reporter-output>
        </test-method> <!-- killAllNodes -->
        <test-method status="FAIL" signature="swipeDemo()[pri:0, instance:tests.SwipeDemo@77ec78b9]" name="swipeDemo" duration-ms="20554" started-at="2019-08-30T05:17:40 PDT" finished-at="2019-08-30T05:18:00 PDT">
          <exception class="org.openqa.selenium.NoSuchElementException">
            <message>
              <![CDATA[An element could not be located on the page using the given search parameters.
For documentation on this error, please visit: https://www.seleniumhq.org/exceptions/no_such_element.html
Build info: version: '3.141.59', revision: 'e82be7d358', time: '2018-11-14T08:17:03'
System info: host: 'DESKTOP-UK6UV1L', ip: '192.168.0.104', os.name: 'Windows 10', os.arch: 'amd64', os.version: '10.0', java.version: '1.8.0_211'
Driver info: io.appium.java_client.android.AndroidDriver
Capabilities {app: E:\Appium\Training\AppiumTr..., appPackage: io.appium.android.apis, automationName: UiAutomator2, databaseEnabled: false, desired: {app: E:\Appium\Training\AppiumTr..., automationName: UiAutomator2, deviceName: Android Device, newCommandTimeout: 60, platformName: android}, deviceApiLevel: 24, deviceManufacturer: Xiaomi, deviceModel: Redmi Note 4, deviceName: 54fb9e9b0903, deviceScreenDensity: 480, deviceScreenSize: 1080x1920, deviceUDID: 54fb9e9b0903, javascriptEnabled: true, locationContextEnabled: false, networkConnectionEnabled: true, newCommandTimeout: 60, pixelRatio: 3, platform: LINUX, platformName: Android, platformVersion: 7.0, statBarHeight: 72, takesScreenshot: true, viewportRect: {height: 1008, left: 0, top: 72, width: 1920}, warnings: {}, webStorageEnabled: false}
Session ID: 4471bc50-53cd-4640-85ec-a68d8875f7a3
*** Element info: {Using=xpath, value=//android.widget.TextView[@text='Views']}]]>
            </message>
            <full-stacktrace>
              <![CDATA[org.openqa.selenium.NoSuchElementException: An element could not be located on the page using the given search parameters.
For documentation on this error, please visit: https://www.seleniumhq.org/exceptions/no_such_element.html
Build info: version: '3.141.59', revision: 'e82be7d358', time: '2018-11-14T08:17:03'
System info: host: 'DESKTOP-UK6UV1L', ip: '192.168.0.104', os.name: 'Windows 10', os.arch: 'amd64', os.version: '10.0', java.version: '1.8.0_211'
Driver info: io.appium.java_client.android.AndroidDriver
Capabilities {app: E:\Appium\Training\AppiumTr..., appPackage: io.appium.android.apis, automationName: UiAutomator2, databaseEnabled: false, desired: {app: E:\Appium\Training\AppiumTr..., automationName: UiAutomator2, deviceName: Android Device, newCommandTimeout: 60, platformName: android}, deviceApiLevel: 24, deviceManufacturer: Xiaomi, deviceModel: Redmi Note 4, deviceName: 54fb9e9b0903, deviceScreenDensity: 480, deviceScreenSize: 1080x1920, deviceUDID: 54fb9e9b0903, javascriptEnabled: true, locationContextEnabled: false, networkConnectionEnabled: true, newCommandTimeout: 60, pixelRatio: 3, platform: LINUX, platformName: Android, platformVersion: 7.0, statBarHeight: 72, takesScreenshot: true, viewportRect: {height: 1008, left: 0, top: 72, width: 1920}, warnings: {}, webStorageEnabled: false}
Session ID: 4471bc50-53cd-4640-85ec-a68d8875f7a3
*** Element info: {Using=xpath, value=//android.widget.TextView[@text='Views']}
at sun.reflect.NativeConstructorAccessorImpl.newInstance0(Native Method)
at sun.reflect.NativeConstructorAccessorImpl.newInstance(Unknown Source)
at sun.reflect.DelegatingConstructorAccessorImpl.newInstance(Unknown Source)
at java.lang.reflect.Constructor.newInstance(Unknown Source)
at org.openqa.selenium.remote.http.W3CHttpResponseCodec.createException(W3CHttpResponseCodec.java:187)
at org.openqa.selenium.remote.http.W3CHttpResponseCodec.decode(W3CHttpResponseCodec.java:122)
at org.openqa.selenium.remote.http.W3CHttpResponseCodec.decode(W3CHttpResponseCodec.java:49)
at org.openqa.selenium.remote.HttpCommandExecutor.execute(HttpCommandExecutor.java:158)
at io.appium.java_client.remote.AppiumCommandExecutor.execute(AppiumCommandExecutor.java:239)
at org.openqa.selenium.remote.RemoteWebDriver.execute(RemoteWebDriver.java:552)
at io.appium.java_client.DefaultGenericMobileDriver.execute(DefaultGenericMobileDriver.java:42)
at io.appium.java_client.AppiumDriver.execute(AppiumDriver.java:1)
at io.appium.java_client.android.AndroidDriver.execute(AndroidDriver.java:1)
at org.openqa.selenium.remote.RemoteWebDriver.findElement(RemoteWebDriver.java:323)
at io.appium.java_client.DefaultGenericMobileDriver.findElement(DefaultGenericMobileDriver.java:62)
at io.appium.java_client.AppiumDriver.findElement(AppiumDriver.java:1)
at io.appium.java_client.android.AndroidDriver.findElement(AndroidDriver.java:1)
at org.openqa.selenium.remote.RemoteWebDriver.findElementByXPath(RemoteWebDriver.java:428)
at io.appium.java_client.DefaultGenericMobileDriver.findElementByXPath(DefaultGenericMobileDriver.java:152)
at io.appium.java_client.AppiumDriver.findElementByXPath(AppiumDriver.java:1)
at io.appium.java_client.android.AndroidDriver.findElementByXPath(AndroidDriver.java:1)
at tests.SwipeDemo.swipeDemo(SwipeDemo.java:25)
at sun.reflect.NativeMethodAccessorImpl.invoke0(Native Method)
at sun.reflect.NativeMethodAccessorImpl.invoke(Unknown Source)
at sun.reflect.DelegatingMethodAccessorImpl.invoke(Unknown Source)
at java.lang.reflect.Method.invoke(Unknown Source)
at org.testng.internal.MethodInvocationHelper.invokeMethod(MethodInvocationHelper.java:133)
at org.testng.internal.TestInvoker.invokeMethod(TestInvoker.java:584)
at org.testng.internal.TestInvoker.invokeTestMethod(TestInvoker.java:172)
at org.testng.internal.MethodRunner.runInSequence(MethodRunner.java:46)
at org.testng.internal.TestInvoker$MethodInvocationAgent.invoke(TestInvoker.java:804)
at org.testng.internal.TestInvoker.invokeTestMethods(TestInvoker.java:145)
at org.testng.internal.TestMethodWorker.invokeTestMethods(TestMethodWorker.java:146)
at org.testng.internal.TestMethodWorker.run(TestMethodWorker.java:128)
at java.util.ArrayList.forEach(Unknown Source)
at org.testng.TestRunner.privateRun(TestRunner.java:770)
at org.testng.TestRunner.run(TestRunner.java:591)
at org.testng.SuiteRunner.runTest(SuiteRunner.java:402)
at org.testng.SuiteRunner.runSequentially(SuiteRunner.java:396)
at org.testng.SuiteRunner.privateRun(SuiteRunner.java:355)
at org.testng.SuiteRunner.run(SuiteRunner.java:304)
at org.testng.SuiteRunnerWorker.runSuite(SuiteRunnerWorker.java:53)
at org.testng.SuiteRunnerWorker.run(SuiteRunnerWorker.java:96)
at org.testng.TestNG.runSuitesSequentially(TestNG.java:1180)
at org.testng.TestNG.runSuitesLocally(TestNG.java:1102)
at org.testng.TestNG.runSuites(TestNG.java:1032)
at org.testng.TestNG.run(TestNG.java:1000)
at org.testng.remote.AbstractRemoteTestNG.run(AbstractRemoteTestNG.java:115)
at org.testng.remote.RemoteTestNG.initAndRun(RemoteTestNG.java:251)
at org.testng.remote.RemoteTestNG.main(RemoteTestNG.java:77)
]]>
            </full-stacktrace>
          </exception> <!-- org.openqa.selenium.NoSuchElementException -->
          <reporter-output>
          </reporter-output>
        </test-method> <!-- swipeDemo -->
        <test-method status="PASS" signature="attachSreenshot(org.testng.ITestResult)[pri:0, instance:tests.SwipeDemo@77ec78b9]" name="attachSreenshot" is-config="true" duration-ms="949" started-at="2019-08-30T05:18:00 PDT" finished-at="2019-08-30T05:18:01 PDT">
          <params>
            <param index="0">
              <value>
                <![CDATA[[TestResult name=swipeDemo status=FAILURE method=SwipeDemo.swipeDemo()[pri:0, instance:tests.SwipeDemo@77ec78b9] output={null}]]]>
              </value>
            </param>
          </params>
          <reporter-output>
          </reporter-output>
        </test-method> <!-- attachSreenshot -->
        <test-method status="PASS" signature="closeServer()[pri:0, instance:tests.SwipeDemo@77ec78b9]" name="closeServer" is-config="true" duration-ms="52" started-at="2019-08-30T05:18:01 PDT" finished-at="2019-08-30T05:18:01 PDT">
          <reporter-output>
          </reporter-output>
        </test-method> <!-- closeServer -->
        <test-method status="PASS" signature="reportTeardown()[pri:0, instance:tests.SwipeDemo@77ec78b9]" name="reportTeardown" is-config="true" duration-ms="664" started-at="2019-08-30T05:18:01 PDT" finished-at="2019-08-30T05:18:02 PDT">
          <reporter-output>
          </reporter-output>
        </test-method> <!-- reportTeardown -->
      </class> <!-- tests.SwipeDemo -->
    </test> <!-- Default test -->
  </suite> <!-- Default suite -->
</testng-results>
